file /workspace/Google_Earth_Enterprise_Open_Sourcing/earth_enterprise/src/third_party/gtest/SConscript,line 24:
	Configure(confdir = .sconf_temp)
scons: Configure: Checking for C library gtest... 
scons: Configure: ".sconf_temp/conftest_0.c" is up to date.
scons: Configure: The original builder output was:
  |.sconf_temp/conftest_0.c <-
  |  |
  |  |
  |  |
  |  |int
  |  |main() {
  |  |  
  |  |return 0;
  |  |}
  |  |
  |
scons: Configure: ".sconf_temp/conftest_0.o" is up to date.
scons: Configure: The original builder output was:
  |gcc -o .sconf_temp/conftest_0.o -c -O2 -pipe -pthread -Wall -Werror -Wno-parentheses -Wno-error=unused-result -Wno-error=unused-local-typedefs -Wno-error=unused-but-set-variable -D_LARGEFILE64_SOURCE -DQT_THREAD_SUPPORT -DQT_NO_ASCII_CAST -DQT_CLEAN_NAMESPACE -D_REENTRANT -DGUNIT_NO_GOOGLE3 -DKH_MAX_NUM_JOBS_COEFF=16 -INATIVE-OPT-x86_64/include -INATIVE-OPT-x86_64 -I. -INATIVE-OPT-x86_64/common -Icommon -Icommon/khmisc -Ikeyhole .sconf_temp/conftest_0.c
  |
gcc -o .sconf_temp/conftest_0 -pipe -pthread -Wl,-rpath-link,/workspace/Google_Earth_Enterprise_Open_Sourcing/earth_enterprise/src/NATIVE-OPT-x86_64/lib -Wl,-rpath,/workspace/Google_Earth_Enterprise_Open_Sourcing/earth_enterprise/src/NATIVE-OPT-x86_64/lib -Wl,-rpath,'$ORIGIN/../qt/lib' -Wl,-rpath,'$ORIGIN/../lib64' -Wl,-rpath,'$ORIGIN/../lib' -Wl,-rpath,/opt/google/lib64 -Wl,-rpath,/opt/google/lib .sconf_temp/conftest_0.o -LNATIVE-OPT-x86_64/lib -Llib -lgtest
scons: Configure: yes


file /workspace/Google_Earth_Enterprise_Open_Sourcing/earth_enterprise/src/common/SConscript,line 81:
	Configure(confdir = .sconf_temp)
scons: Configure: Checking for C header file libpng12/png.h... 
scons: Configure: ".sconf_temp/conftest_1.c" is up to date.
scons: Configure: The original builder output was:
  |.sconf_temp/conftest_1.c <-
  |  |
  |  |#include "libpng12/png.h"
  |  |
  |  |
  |
scons: Configure: ".sconf_temp/conftest_1.o" is up to date.
scons: Configure: The original builder output was:
  |gcc -o .sconf_temp/conftest_1.o -c -O2 -pipe -pthread -Wall -Werror -Wno-parentheses -Wno-error=unused-result -Wno-error=unused-local-typedefs -Wno-error=unused-but-set-variable -D_LARGEFILE64_SOURCE -DQT_THREAD_SUPPORT -DQT_NO_ASCII_CAST -DQT_CLEAN_NAMESPACE -D_REENTRANT -DGUNIT_NO_GOOGLE3 -DKH_MAX_NUM_JOBS_COEFF=16 -INATIVE-OPT-x86_64/include -INATIVE-OPT-x86_64 -I. -INATIVE-OPT-x86_64/common -Icommon -Icommon/khmisc -Ikeyhole .sconf_temp/conftest_1.c
  |
scons: Configure: (cached) yes


